{"/Users/varun/Desktop/Workspace/React Interview/Assignments/Music Library Assingment/core-app/src/App.tsx": {"path":"/Users/varun/Desktop/Workspace/React Interview/Assignments/Music Library Assingment/core-app/src/App.tsx","statementMap":{"0":{"start":{"line":8,"column":12},"end":{"line":26,"column":1}},"1":{"start":{"line":9,"column":2},"end":{"line":25,"column":4}}},"fnMap":{"0":{"name":"(anonymous_0)","decl":{"start":{"line":8,"column":12},"end":{"line":8,"column":13}},"loc":{"start":{"line":8,"column":18},"end":{"line":26,"column":1}},"line":8}},"branchMap":{},"s":{"0":1,"1":1},"f":{"0":1},"b":{},"_coverageSchema":"1a1c01bbd47fc00a2c39e90264f33305004495a9","hash":"44605e9552fb790864d050bc482b870892546b1f"}
,"/Users/varun/Desktop/Workspace/React Interview/Assignments/Music Library Assingment/core-app/src/components/ProtectedRoute.tsx": {"path":"/Users/varun/Desktop/Workspace/React Interview/Assignments/Music Library Assingment/core-app/src/components/ProtectedRoute.tsx","statementMap":{"0":{"start":{"line":5,"column":64},"end":{"line":10,"column":1}},"1":{"start":{"line":8,"column":19},"end":{"line":8,"column":28}},"2":{"start":{"line":9,"column":2},"end":{"line":9,"column":54}}},"fnMap":{"0":{"name":"(anonymous_0)","decl":{"start":{"line":5,"column":64},"end":{"line":5,"column":65}},"loc":{"start":{"line":7,"column":6},"end":{"line":10,"column":1}},"line":7}},"branchMap":{"0":{"loc":{"start":{"line":9,"column":9},"end":{"line":9,"column":53}},"type":"cond-expr","locations":[{"start":{"line":9,"column":16},"end":{"line":9,"column":31}},{"start":{"line":9,"column":34},"end":{"line":9,"column":53}}],"line":9}},"s":{"0":2,"1":2,"2":2},"f":{"0":2},"b":{"0":[1,1]},"_coverageSchema":"1a1c01bbd47fc00a2c39e90264f33305004495a9","hash":"d1fb32804bc93730d1dd564b4f2b2d3c20114bf1"}
,"/Users/varun/Desktop/Workspace/React Interview/Assignments/Music Library Assingment/core-app/src/context/AuthContext.tsx": {"path":"/Users/varun/Desktop/Workspace/React Interview/Assignments/Music Library Assingment/core-app/src/context/AuthContext.tsx","statementMap":{"0":{"start":{"line":5,"column":20},"end":{"line":5,"column":73}},"1":{"start":{"line":7,"column":69},"end":{"line":34,"column":1}},"2":{"start":{"line":10,"column":26},"end":{"line":10,"column":53}},"3":{"start":{"line":12,"column":16},"end":{"line":22,"column":3}},"4":{"start":{"line":13,"column":4},"end":{"line":21,"column":5}},"5":{"start":{"line":14,"column":22},"end":{"line":16,"column":7}},"6":{"start":{"line":17,"column":6},"end":{"line":17,"column":23}},"7":{"start":{"line":18,"column":6},"end":{"line":18,"column":43}},"8":{"start":{"line":20,"column":6},"end":{"line":20,"column":45}},"9":{"start":{"line":24,"column":17},"end":{"line":27,"column":3}},"10":{"start":{"line":25,"column":4},"end":{"line":25,"column":18}},"11":{"start":{"line":26,"column":4},"end":{"line":26,"column":37}},"12":{"start":{"line":29,"column":2},"end":{"line":33,"column":4}},"13":{"start":{"line":36,"column":23},"end":{"line":40,"column":1}},"14":{"start":{"line":37,"column":18},"end":{"line":37,"column":41}},"15":{"start":{"line":38,"column":2},"end":{"line":38,"column":79}},"16":{"start":{"line":38,"column":16},"end":{"line":38,"column":79}},"17":{"start":{"line":39,"column":2},"end":{"line":39,"column":17}}},"fnMap":{"0":{"name":"(anonymous_0)","decl":{"start":{"line":7,"column":69},"end":{"line":7,"column":70}},"loc":{"start":{"line":9,"column":6},"end":{"line":34,"column":1}},"line":9},"1":{"name":"(anonymous_1)","decl":{"start":{"line":12,"column":16},"end":{"line":12,"column":17}},"loc":{"start":{"line":12,"column":35},"end":{"line":22,"column":3}},"line":12},"2":{"name":"(anonymous_2)","decl":{"start":{"line":24,"column":17},"end":{"line":24,"column":18}},"loc":{"start":{"line":24,"column":23},"end":{"line":27,"column":3}},"line":24},"3":{"name":"(anonymous_3)","decl":{"start":{"line":36,"column":23},"end":{"line":36,"column":24}},"loc":{"start":{"line":36,"column":29},"end":{"line":40,"column":1}},"line":36}},"branchMap":{"0":{"loc":{"start":{"line":38,"column":2},"end":{"line":38,"column":79}},"type":"if","locations":[{"start":{"line":38,"column":2},"end":{"line":38,"column":79}},{"start":{},"end":{}}],"line":38}},"s":{"0":2,"1":2,"2":4,"3":4,"4":2,"5":2,"6":1,"7":1,"8":1,"9":4,"10":1,"11":1,"12":4,"13":2,"14":6,"15":5,"16":2,"17":3},"f":{"0":4,"1":2,"2":1,"3":6},"b":{"0":[2,3]},"_coverageSchema":"1a1c01bbd47fc00a2c39e90264f33305004495a9","hash":"f040e50a74e3d5816680d28e2225c7126c0e774c"}
,"/Users/varun/Desktop/Workspace/React Interview/Assignments/Music Library Assingment/core-app/src/pages/Dashboard.tsx": {"path":"/Users/varun/Desktop/Workspace/React Interview/Assignments/Music Library Assingment/core-app/src/pages/Dashboard.tsx","statementMap":{"0":{"start":{"line":6,"column":21},"end":{"line":6,"column":74}},"1":{"start":{"line":6,"column":38},"end":{"line":6,"column":73}},"2":{"start":{"line":8,"column":28},"end":{"line":44,"column":1}},"3":{"start":{"line":9,"column":27},"end":{"line":9,"column":36}},"4":{"start":{"line":10,"column":19},"end":{"line":10,"column":32}},"5":{"start":{"line":12,"column":2},"end":{"line":15,"column":3}},"6":{"start":{"line":13,"column":4},"end":{"line":13,"column":18}},"7":{"start":{"line":14,"column":4},"end":{"line":14,"column":16}},"8":{"start":{"line":17,"column":2},"end":{"line":43,"column":4}},"9":{"start":{"line":30,"column":14},"end":{"line":30,"column":23}},"10":{"start":{"line":31,"column":14},"end":{"line":31,"column":28}}},"fnMap":{"0":{"name":"(anonymous_0)","decl":{"start":{"line":6,"column":32},"end":{"line":6,"column":33}},"loc":{"start":{"line":6,"column":38},"end":{"line":6,"column":73}},"line":6},"1":{"name":"(anonymous_1)","decl":{"start":{"line":8,"column":28},"end":{"line":8,"column":29}},"loc":{"start":{"line":8,"column":34},"end":{"line":44,"column":1}},"line":8},"2":{"name":"(anonymous_2)","decl":{"start":{"line":29,"column":21},"end":{"line":29,"column":22}},"loc":{"start":{"line":29,"column":27},"end":{"line":32,"column":13}},"line":29}},"branchMap":{"0":{"loc":{"start":{"line":12,"column":2},"end":{"line":15,"column":3}},"type":"if","locations":[{"start":{"line":12,"column":2},"end":{"line":15,"column":3}},{"start":{},"end":{}}],"line":12},"1":{"loc":{"start":{"line":25,"column":11},"end":{"line":27,"column":11}},"type":"binary-expr","locations":[{"start":{"line":25,"column":11},"end":{"line":25,"column":32}},{"start":{"line":26,"column":12},"end":{"line":26,"column":63}}],"line":25}},"s":{"0":2,"1":1,"2":2,"3":3,"4":3,"5":3,"6":1,"7":1,"8":2,"9":1,"10":1},"f":{"0":1,"1":3,"2":1},"b":{"0":[1,2],"1":[2,2]},"_coverageSchema":"1a1c01bbd47fc00a2c39e90264f33305004495a9","hash":"1110e0988ff687fe0b93f1f184a3b0b1de66c3aa"}
,"/Users/varun/Desktop/Workspace/React Interview/Assignments/Music Library Assingment/core-app/src/pages/Login.tsx": {"path":"/Users/varun/Desktop/Workspace/React Interview/Assignments/Music Library Assingment/core-app/src/pages/Login.tsx","statementMap":{"0":{"start":{"line":6,"column":24},"end":{"line":65,"column":1}},"1":{"start":{"line":7,"column":34},"end":{"line":7,"column":54}},"2":{"start":{"line":8,"column":34},"end":{"line":8,"column":54}},"3":{"start":{"line":9,"column":20},"end":{"line":9,"column":29}},"4":{"start":{"line":10,"column":19},"end":{"line":10,"column":32}},"5":{"start":{"line":12,"column":22},"end":{"line":33,"column":3}},"6":{"start":{"line":13,"column":4},"end":{"line":13,"column":23}},"7":{"start":{"line":15,"column":18},"end":{"line":18,"column":5}},"8":{"start":{"line":20,"column":4},"end":{"line":32,"column":5}},"9":{"start":{"line":21,"column":22},"end":{"line":26,"column":19}},"10":{"start":{"line":28,"column":6},"end":{"line":28,"column":21}},"11":{"start":{"line":29,"column":6},"end":{"line":29,"column":29}},"12":{"start":{"line":31,"column":6},"end":{"line":31,"column":35}},"13":{"start":{"line":35,"column":2},"end":{"line":64,"column":4}},"14":{"start":{"line":45,"column":31},"end":{"line":45,"column":58}},"15":{"start":{"line":55,"column":31},"end":{"line":55,"column":58}}},"fnMap":{"0":{"name":"(anonymous_0)","decl":{"start":{"line":6,"column":24},"end":{"line":6,"column":25}},"loc":{"start":{"line":6,"column":30},"end":{"line":65,"column":1}},"line":6},"1":{"name":"(anonymous_1)","decl":{"start":{"line":12,"column":22},"end":{"line":12,"column":23}},"loc":{"start":{"line":12,"column":46},"end":{"line":33,"column":3}},"line":12},"2":{"name":"(anonymous_2)","decl":{"start":{"line":45,"column":24},"end":{"line":45,"column":25}},"loc":{"start":{"line":45,"column":31},"end":{"line":45,"column":58}},"line":45},"3":{"name":"(anonymous_3)","decl":{"start":{"line":55,"column":24},"end":{"line":55,"column":25}},"loc":{"start":{"line":55,"column":31},"end":{"line":55,"column":58}},"line":55}},"branchMap":{"0":{"loc":{"start":{"line":20,"column":4},"end":{"line":32,"column":5}},"type":"if","locations":[{"start":{"line":20,"column":4},"end":{"line":32,"column":5}},{"start":{"line":30,"column":11},"end":{"line":32,"column":5}}],"line":20},"1":{"loc":{"start":{"line":24,"column":16},"end":{"line":24,"column":55}},"type":"cond-expr","locations":[{"start":{"line":24,"column":39},"end":{"line":24,"column":46}},{"start":{"line":24,"column":49},"end":{"line":24,"column":55}}],"line":24}},"s":{"0":2,"1":12,"2":12,"3":12,"4":12,"5":12,"6":3,"7":3,"8":3,"9":2,"10":2,"11":2,"12":1,"13":12,"14":3,"15":3},"f":{"0":12,"1":3,"2":3,"3":3},"b":{"0":[2,1],"1":[1,1]},"_coverageSchema":"1a1c01bbd47fc00a2c39e90264f33305004495a9","hash":"24a7b5cbd715082e1cdc1acac2b43a5a7a538b1c"}
}
