TN:
SF:src/App.tsx
FN:8,(anonymous_0)
FNF:1
FNH:1
FNDA:1,(anonymous_0)
DA:8,1
DA:9,1
LF:2
LH:2
BRF:0
BRH:0
end_of_record
TN:
SF:src/components/ProtectedRoute.tsx
FN:5,(anonymous_0)
FNF:1
FNH:1
FNDA:2,(anonymous_0)
DA:5,2
DA:8,2
DA:9,2
LF:3
LH:3
BRDA:9,0,0,1
BRDA:9,0,1,1
BRF:2
BRH:2
end_of_record
TN:
SF:src/context/AuthContext.tsx
FN:7,(anonymous_0)
FN:12,(anonymous_1)
FN:24,(anonymous_2)
FN:36,(anonymous_3)
FNF:4
FNH:4
FNDA:4,(anonymous_0)
FNDA:2,(anonymous_1)
FNDA:1,(anonymous_2)
FNDA:6,(anonymous_3)
DA:5,2
DA:7,2
DA:10,4
DA:12,4
DA:13,2
DA:14,2
DA:17,1
DA:18,1
DA:20,1
DA:24,4
DA:25,1
DA:26,1
DA:29,4
DA:36,2
DA:37,6
DA:38,5
DA:39,3
LF:17
LH:17
BRDA:38,0,0,2
BRDA:38,0,1,3
BRF:2
BRH:2
end_of_record
TN:
SF:src/pages/Dashboard.tsx
FN:6,(anonymous_0)
FN:8,(anonymous_1)
FN:29,(anonymous_2)
FNF:3
FNH:3
FNDA:1,(anonymous_0)
FNDA:3,(anonymous_1)
FNDA:1,(anonymous_2)
DA:6,2
DA:8,2
DA:9,3
DA:10,3
DA:12,3
DA:13,1
DA:14,1
DA:17,2
DA:30,1
DA:31,1
LF:10
LH:10
BRDA:12,0,0,1
BRDA:12,0,1,2
BRDA:25,1,0,2
BRDA:25,1,1,2
BRF:4
BRH:4
end_of_record
TN:
SF:src/pages/Login.tsx
FN:6,(anonymous_0)
FN:12,(anonymous_1)
FN:45,(anonymous_2)
FN:55,(anonymous_3)
FNF:4
FNH:4
FNDA:12,(anonymous_0)
FNDA:3,(anonymous_1)
FNDA:3,(anonymous_2)
FNDA:3,(anonymous_3)
DA:6,2
DA:7,12
DA:8,12
DA:9,12
DA:10,12
DA:12,12
DA:13,3
DA:15,3
DA:20,3
DA:21,2
DA:28,2
DA:29,2
DA:31,1
DA:35,12
DA:45,3
DA:55,3
LF:16
LH:16
BRDA:20,0,0,2
BRDA:20,0,1,1
BRDA:24,1,0,1
BRDA:24,1,1,1
BRF:4
BRH:4
end_of_record
